<?xml version="1.0" encoding="UTF-8"?>
<!-- Generated by org.testng.reporters.JUnitXMLReporter -->
<testsuite ignored="0" hostname="Vaibhav" failures="0" tests="2" name="Linux EdgeTest" time="0.036" errors="0" timestamp="2025-03-04T14:34:13 IST">
  <testcase classname="testCases.AccountRegistrationTest" name="TC_001AccountRegistertest" time="0.0">
    <skipped/>
  </testcase> <!-- TC_001AccountRegistertest -->
  <testcase classname="testCases.Tc_002LoginTest" name="VerifyLogin" time="0.0">
    <skipped/>
  </testcase> <!-- VerifyLogin -->
</testsuite> <!-- Linux EdgeTest -->
